app/build/intermediates/manifest_merge_blame_file/debug/manifest-merger-blame-debug-report.txt
1<?xml version="1.0" encoding="utf-8"?>
2<manifest xmlns:android="http://schemas.android.com/apk/res/android"
3    package="com.example.sampleproject"
4    android:versionCode="1"
5    android:versionName="1.0" >
6
7    <uses-sdk
8        android:minSdkVersion="21"
8-->src\main\AndroidManifest.xml
9        android:targetSdkVersion="32" />
9-->src\main\AndroidManifest.xml
10
11    <uses-permission android:name="android.permission.INTERNET" />
11-->src\main\AndroidManifest.xml:5:5-66
11-->src\main\AndroidManifest.xml:5:22-64
12    <uses-permission android:name="android.permission.READ_EXTERNAL_STORAGE" />
12-->src\main\AndroidManifest.xml:6:5-96
12-->src\main\AndroidManifest.xml:6:22-77
13
14    <queries>
14-->[com.github.dhaval2404:imagepicker:2.1] AndroidManifest.xml:9:5-19:15
15
16        <!-- Query Camera Packages -->
17        <intent>
17-->[com.github.dhaval2404:imagepicker:2.1] AndroidManifest.xml:12:9-14:18
18            <action android:name="android.media.action.IMAGE_CAPTURE" />
18-->[com.github.dhaval2404:imagepicker:2.1] AndroidManifest.xml:13:13-73
18-->[com.github.dhaval2404:imagepicker:2.1] AndroidManifest.xml:13:21-70
19        </intent>
20        <!-- Query Open Document -->
21        <intent>
21-->[com.github.dhaval2404:imagepicker:2.1] AndroidManifest.xml:16:9-18:18
22            <action android:name="android.intent.action.OPEN_DOCUMENT_TREE" />
22-->[com.github.dhaval2404:imagepicker:2.1] AndroidManifest.xml:17:13-79
22-->[com.github.dhaval2404:imagepicker:2.1] AndroidManifest.xml:17:21-76
23        </intent>
24    </queries>
25
26    <application
26-->src\main\AndroidManifest.xml:8:5-24:19
27        android:name="com.example.sampleproject.SampleApplication"
27-->src\main\AndroidManifest.xml:9:9-43
28        android:allowBackup="true"
28-->src\main\AndroidManifest.xml:10:9-35
29        android:appComponentFactory="androidx.core.app.CoreComponentFactory"
29-->[androidx.core:core:1.8.0] AndroidManifest.xml:24:18-86
30        android:debuggable="true"
31        android:icon="@mipmap/ic_launcher"
31-->src\main\AndroidManifest.xml:11:9-43
32        android:label="@string/app_name"
32-->src\main\AndroidManifest.xml:12:9-41
33        android:roundIcon="@mipmap/ic_launcher_round"
33-->src\main\AndroidManifest.xml:13:9-54
34        android:supportsRtl="true"
34-->src\main\AndroidManifest.xml:14:9-35
35        android:testOnly="true"
36        android:theme="@style/Theme.SampleProject" >
36-->src\main\AndroidManifest.xml:15:9-51
37        <activity
37-->src\main\AndroidManifest.xml:16:9-23:20
38            android:name="com.example.sampleproject.ui.view.activity.ImageActivity"
38-->src\main\AndroidManifest.xml:17:13-59
39            android:exported="true" >
39-->src\main\AndroidManifest.xml:18:13-36
40            <intent-filter>
40-->src\main\AndroidManifest.xml:19:13-22:29
41                <action android:name="android.intent.action.MAIN" />
41-->src\main\AndroidManifest.xml:20:17-69
41-->src\main\AndroidManifest.xml:20:25-66
42
43                <category android:name="android.intent.category.LAUNCHER" />
43-->src\main\AndroidManifest.xml:21:17-77
43-->src\main\AndroidManifest.xml:21:27-74
44            </intent-filter>
45        </activity>
46        <activity
46-->[com.karumi:dexter:6.2.2] AndroidManifest.xml:27:9-29:72
47            android:name="com.karumi.dexter.DexterActivity"
47-->[com.karumi:dexter:6.2.2] AndroidManifest.xml:28:13-60
48            android:theme="@style/Dexter.Internal.Theme.Transparent" />
48-->[com.karumi:dexter:6.2.2] AndroidManifest.xml:29:13-69
49        <activity
49-->[com.github.dhaval2404:imagepicker:2.1] AndroidManifest.xml:22:9-25:68
50            android:name="com.github.dhaval2404.imagepicker.ImagePickerActivity"
50-->[com.github.dhaval2404:imagepicker:2.1] AndroidManifest.xml:23:13-81
51            android:screenOrientation="unspecified"
51-->[com.github.dhaval2404:imagepicker:2.1] AndroidManifest.xml:24:13-52
52            android:theme="@style/Theme.Transparent.ImagePicker" />
52-->[com.github.dhaval2404:imagepicker:2.1] AndroidManifest.xml:25:13-65
53        <activity
53-->[com.github.dhaval2404:imagepicker:2.1] AndroidManifest.xml:26:9-29:72
54            android:name="com.yalantis.ucrop.UCropActivity"
54-->[com.github.dhaval2404:imagepicker:2.1] AndroidManifest.xml:27:13-60
55            android:screenOrientation="portrait"
55-->[com.github.dhaval2404:imagepicker:2.1] AndroidManifest.xml:28:13-49
56            android:theme="@style/Theme.AppCompat.Light.NoActionBar" />
56-->[com.github.dhaval2404:imagepicker:2.1] AndroidManifest.xml:29:13-69
57
58        <provider
58-->[com.github.dhaval2404:imagepicker:2.1] AndroidManifest.xml:31:9-39:20
59            android:name="com.github.dhaval2404.imagepicker.ImagePickerFileProvider"
59-->[com.github.dhaval2404:imagepicker:2.1] AndroidManifest.xml:32:13-85
60            android:authorities="com.example.sampleproject.imagepicker.provider"
60-->[com.github.dhaval2404:imagepicker:2.1] AndroidManifest.xml:33:13-72
61            android:exported="false"
61-->[com.github.dhaval2404:imagepicker:2.1] AndroidManifest.xml:34:13-37
62            android:grantUriPermissions="true" >
62-->[com.github.dhaval2404:imagepicker:2.1] AndroidManifest.xml:35:13-47
63            <meta-data
63-->[com.github.dhaval2404:imagepicker:2.1] AndroidManifest.xml:36:13-38:71
64                android:name="android.support.FILE_PROVIDER_PATHS"
64-->[com.github.dhaval2404:imagepicker:2.1] AndroidManifest.xml:37:17-67
65                android:resource="@xml/image_picker_provider_paths" />
65-->[com.github.dhaval2404:imagepicker:2.1] AndroidManifest.xml:38:17-68
66        </provider>
67        <provider
67-->[androidx.emoji2:emoji2:1.0.0] AndroidManifest.xml:26:9-34:20
68            android:name="androidx.startup.InitializationProvider"
68-->[androidx.emoji2:emoji2:1.0.0] AndroidManifest.xml:27:13-67
69            android:authorities="com.example.sampleproject.androidx-startup"
69-->[androidx.emoji2:emoji2:1.0.0] AndroidManifest.xml:28:13-68
70            android:exported="false" >
70-->[androidx.emoji2:emoji2:1.0.0] AndroidManifest.xml:29:13-37
71            <meta-data
71-->[androidx.emoji2:emoji2:1.0.0] AndroidManifest.xml:31:13-33:52
72                android:name="androidx.emoji2.text.EmojiCompatInitializer"
72-->[androidx.emoji2:emoji2:1.0.0] AndroidManifest.xml:32:17-75
73                android:value="androidx.startup" />
73-->[androidx.emoji2:emoji2:1.0.0] AndroidManifest.xml:33:17-49
74            <meta-data
74-->[androidx.lifecycle:lifecycle-process:2.4.0] AndroidManifest.xml:31:13-33:52
75                android:name="androidx.lifecycle.ProcessLifecycleInitializer"
75-->[androidx.lifecycle:lifecycle-process:2.4.0] AndroidManifest.xml:32:17-78
76                android:value="androidx.startup" />
76-->[androidx.lifecycle:lifecycle-process:2.4.0] AndroidManifest.xml:33:17-49
77        </provider>
78    </application>
79
80</manifest>